<?xml version="1.0" encoding="UTF-8"?>
<!-- Generated by org.testng.reporters.JUnitReportReporter -->
<testsuite skipped="8" hostname="LAPTOP-ROSTLMCB" name="PHPtravels.HotelBooking" tests="9" failures="0" timestamp="07 May 2020 14:58:39 GMT" time="0.000" errors="1">
  <testcase name="SearchHotels" time="0.000" classname="PHPtravels.HotelBooking">
    <error type="org.testng.TestNGException" message="
Cannot inject @Test annotated Method [SearchHotels] with [class java.lang.String, class java.lang.String].
For more information on native dependency injection please refer to http://testng.org/doc/documentation-main.html#native-dependency-injection">
      <![CDATA[org.testng.TestNGException: 
Cannot inject @Test annotated Method [SearchHotels] with [class java.lang.String, class java.lang.String].
For more information on native dependency injection please refer to http://testng.org/doc/documentation-main.html#native-dependency-injection
at org.testng.internal.Parameters.checkParameterTypes(Parameters.java:407)
at org.testng.internal.Parameters.createParametersForMethod(Parameters.java:356)
at org.testng.internal.Parameters.createParameters(Parameters.java:635)
at org.testng.internal.Parameters.handleParameters(Parameters.java:769)
at org.testng.internal.ParameterHandler.handleParameters(ParameterHandler.java:49)
at org.testng.internal.ParameterHandler.createParameters(ParameterHandler.java:37)
at org.testng.internal.Invoker.invokeTestMethods(Invoker.java:924)
at org.testng.internal.TestMethodWorker.invokeTestMethods(TestMethodWorker.java:125)
at org.testng.internal.TestMethodWorker.run(TestMethodWorker.java:109)
at org.testng.TestRunner.privateRun(TestRunner.java:648)
at org.testng.TestRunner.run(TestRunner.java:505)
at org.testng.SuiteRunner.runTest(SuiteRunner.java:455)
at org.testng.SuiteRunner.runSequentially(SuiteRunner.java:450)
at org.testng.SuiteRunner.privateRun(SuiteRunner.java:415)
at org.testng.SuiteRunner.run(SuiteRunner.java:364)
at org.testng.SuiteRunnerWorker.runSuite(SuiteRunnerWorker.java:52)
at org.testng.SuiteRunnerWorker.run(SuiteRunnerWorker.java:84)
at org.testng.TestNG.runSuitesSequentially(TestNG.java:1208)
at org.testng.TestNG.runSuitesLocally(TestNG.java:1137)
at org.testng.TestNG.runSuites(TestNG.java:1049)
at org.testng.TestNG.run(TestNG.java:1017)
at org.testng.remote.AbstractRemoteTestNG.run(AbstractRemoteTestNG.java:115)
at org.testng.remote.RemoteTestNG.initAndRun(RemoteTestNG.java:251)
at org.testng.remote.RemoteTestNG.main(RemoteTestNG.java:77)
]]>
    </error>
  </testcase> <!-- SearchHotels -->
  <testcase name="verifyLoginWithValidInput" classname="PHPtravels.HotelBooking">
    <skipped/>
  </testcase> <!-- verifyLoginWithValidInput -->
  <testcase name="verifyLoginWithInvalidInput" classname="PHPtravels.HotelBooking">
    <skipped/>
  </testcase> <!-- verifyLoginWithInvalidInput -->
  <testcase name="verifyLogoFunctionalityOfRedirectingToHomepage" classname="PHPtravels.HotelBooking">
    <skipped/>
  </testcase> <!-- verifyLogoFunctionalityOfRedirectingToHomepage -->
  <testcase name="verifyDefaultHotelTabSelected" classname="PHPtravels.HotelBooking">
    <skipped/>
  </testcase> <!-- verifyDefaultHotelTabSelected -->
  <testcase name="AscendingPriceFilterSearch" classname="PHPtravels.HotelBooking">
    <skipped/>
  </testcase> <!-- AscendingPriceFilterSearch -->
  <testcase name="verifySignUp" classname="PHPtravels.HotelBooking">
    <skipped/>
  </testcase> <!-- verifySignUp -->
  <testcase name="verifyLogoAvailability" classname="PHPtravels.HotelBooking">
    <skipped/>
  </testcase> <!-- verifyLogoAvailability -->
  <testcase name="verifyHomepageTitle" classname="PHPtravels.HotelBooking">
    <skipped/>
  </testcase> <!-- verifyHomepageTitle -->
</testsuite> <!-- PHPtravels.HotelBooking -->
